# JRE version: OpenJDK Runtime Environment (21.0.6) (build 21.0.6+-13368085-b895.109)
# Java VM: OpenJDK 64-Bit Server VM (21.0.6+-13368085-b895.109, mixed mode, tiered, compressed oops, compressed class ptrs, g1 gc, windows-amd64)
GC Precious Log:
 CardTable entry size: 512
 Card Set container configuration: InlinePtr #cards 5 size 8 Array Of Cards #cards 12 size 40 Howl #buckets 4 coarsen threshold 1843 Howl Bitmap #cards 512 size 80 coarsen threshold 460 Card regions per heap region 1 cards per card region 2048
 CPUs: 6 total, 6 available
 Memory: 16301M
 Large Page Support: Disabled
 NUMA Support: Disabled
 Compressed Oops: Enabled (32-bit)
 Heap Region Size: 1M
 Heap Min Capacity: 8M
 Heap Initial Capacity: 256M
 Heap Max Capacity: 2G
 Pre-touch: Disabled
 Parallel Workers: 6
 Concurrent Workers: 2
 Concurrent Refinement Workers: 6
 Periodic GC: Disabled
Heap:
 garbage-first heap   total 189440K, used 172657K [0x0000000080000000, 0x0000000100000000)
  region size 1024K, 60 young (61440K), 5 survivors (5120K)
 Metaspace       used 122050K, committed 124352K, reserved 1179648K
  class space    used 17029K, committed 18176K, reserved 1048576K
GC Heap History (20 events):
Event: 8.193 GC heap before
{Heap before GC invocations=28 (full 0):
 garbage-first heap   total 145408K, used 135506K [0x0000000080000000, 0x0000000100000000)
  region size 1024K, 53 young (54272K), 3 survivors (3072K)
 Metaspace       used 90128K, committed 92096K, reserved 1179648K
  class space    used 12123K, committed 13120K, reserved 1048576K
}
Event: 8.198 GC heap after
{Heap after GC invocations=29 (full 0):
 garbage-first heap   total 145408K, used 88952K [0x0000000080000000, 0x0000000100000000)
  region size 1024K, 7 young (7168K), 7 survivors (7168K)
 Metaspace       used 90128K, committed 92096K, reserved 1179648K
  class space    used 12123K, committed 13120K, reserved 1048576K
}
Event: 8.455 GC heap before
{Heap before GC invocations=29 (full 0):
 garbage-first heap   total 145408K, used 129912K [0x0000000080000000, 0x0000000100000000)
  region size 1024K, 47 young (48128K), 7 survivors (7168K)
 Metaspace       used 93205K, committed 95232K, reserved 1179648K
  class space    used 12558K, committed 13568K, reserved 1048576K
}
Event: 8.460 GC heap after
{Heap after GC invocations=30 (full 0):
 garbage-first heap   total 145408K, used 90921K [0x0000000080000000, 0x0000000100000000)
  region size 1024K, 2 young (2048K), 2 survivors (2048K)
 Metaspace       used 93205K, committed 95232K, reserved 1179648K
  class space    used 12558K, committed 13568K, reserved 1048576K
}
Event: 8.763 GC heap before
{Heap before GC invocations=30 (full 0):
 garbage-first heap   total 145408K, used 134953K [0x0000000080000000, 0x0000000100000000)
  region size 1024K, 45 young (46080K), 2 survivors (2048K)
 Metaspace       used 96834K, committed 98816K, reserved 1179648K
  class space    used 13208K, committed 14208K, reserved 1048576K
}
Event: 8.765 GC heap after
{Heap after GC invocations=31 (full 0):
 garbage-first heap   total 175104K, used 92413K [0x0000000080000000, 0x0000000100000000)
  region size 1024K, 4 young (4096K), 4 survivors (4096K)
 Metaspace       used 96834K, committed 98816K, reserved 1179648K
  class space    used 13208K, committed 14208K, reserved 1048576K
}
Event: 9.268 GC heap before
{Heap before GC invocations=32 (full 0):
 garbage-first heap   total 175104K, used 156925K [0x0000000080000000, 0x0000000100000000)
  region size 1024K, 67 young (68608K), 4 survivors (4096K)
 Metaspace       used 101399K, committed 103424K, reserved 1179648K
  class space    used 13899K, committed 14912K, reserved 1048576K
}
Event: 9.272 GC heap after
{Heap after GC invocations=33 (full 0):
 garbage-first heap   total 175104K, used 95667K [0x0000000080000000, 0x0000000100000000)
  region size 1024K, 7 young (7168K), 7 survivors (7168K)
 Metaspace       used 101399K, committed 103424K, reserved 1179648K
  class space    used 13899K, committed 14912K, reserved 1048576K
}
Event: 9.784 GC heap before
{Heap before GC invocations=33 (full 0):
 garbage-first heap   total 175104K, used 157107K [0x0000000080000000, 0x0000000100000000)
  region size 1024K, 67 young (68608K), 7 survivors (7168K)
 Metaspace       used 107052K, committed 109184K, reserved 1179648K
  class space    used 14694K, committed 15744K, reserved 1048576K
}
Event: 9.789 GC heap after
{Heap after GC invocations=34 (full 0):
 garbage-first heap   total 175104K, used 98178K [0x0000000080000000, 0x0000000100000000)
  region size 1024K, 7 young (7168K), 7 survivors (7168K)
 Metaspace       used 107052K, committed 109184K, reserved 1179648K
  class space    used 14694K, committed 15744K, reserved 1048576K
}
Event: 10.657 GC heap before
{Heap before GC invocations=34 (full 0):
 garbage-first heap   total 175104K, used 157570K [0x0000000080000000, 0x0000000100000000)
  region size 1024K, 65 young (66560K), 7 survivors (7168K)
 Metaspace       used 110751K, committed 112960K, reserved 1179648K
  class space    used 15235K, committed 16320K, reserved 1048576K
}
Event: 10.664 GC heap after
{Heap after GC invocations=35 (full 0):
 garbage-first heap   total 175104K, used 104267K [0x0000000080000000, 0x0000000100000000)
  region size 1024K, 9 young (9216K), 9 survivors (9216K)
 Metaspace       used 110751K, committed 112960K, reserved 1179648K
  class space    used 15235K, committed 16320K, reserved 1048576K
}
Event: 10.953 GC heap before
{Heap before GC invocations=36 (full 0):
 garbage-first heap   total 175104K, used 154443K [0x0000000080000000, 0x0000000100000000)
  region size 1024K, 59 young (60416K), 9 survivors (9216K)
 Metaspace       used 111269K, committed 113408K, reserved 1179648K
  class space    used 15335K, committed 16448K, reserved 1048576K
}
Event: 10.961 GC heap after
{Heap after GC invocations=37 (full 0):
 garbage-first heap   total 175104K, used 108985K [0x0000000080000000, 0x0000000100000000)
  region size 1024K, 5 young (5120K), 5 survivors (5120K)
 Metaspace       used 111269K, committed 113408K, reserved 1179648K
  class space    used 15335K, committed 16448K, reserved 1048576K
}
Event: 11.172 GC heap before
{Heap before GC invocations=37 (full 0):
 garbage-first heap   total 175104K, used 158137K [0x0000000080000000, 0x0000000100000000)
  region size 1024K, 54 young (55296K), 5 survivors (5120K)
 Metaspace       used 111584K, committed 113856K, reserved 1179648K
  class space    used 15372K, committed 16512K, reserved 1048576K
}
Event: 11.176 GC heap after
{Heap after GC invocations=38 (full 0):
 garbage-first heap   total 175104K, used 111090K [0x0000000080000000, 0x0000000100000000)
  region size 1024K, 5 young (5120K), 5 survivors (5120K)
 Metaspace       used 111584K, committed 113856K, reserved 1179648K
  class space    used 15372K, committed 16512K, reserved 1048576K
}
Event: 11.389 GC heap before
{Heap before GC invocations=38 (full 0):
 garbage-first heap   total 175104K, used 158194K [0x0000000080000000, 0x0000000100000000)
  region size 1024K, 52 young (53248K), 5 survivors (5120K)
 Metaspace       used 111741K, committed 113984K, reserved 1179648K
  class space    used 15385K, committed 16512K, reserved 1048576K
}
Event: 11.393 GC heap after
{Heap after GC invocations=39 (full 0):
 garbage-first heap   total 175104K, used 113365K [0x0000000080000000, 0x0000000100000000)
  region size 1024K, 4 young (4096K), 4 survivors (4096K)
 Metaspace       used 111741K, committed 113984K, reserved 1179648K
  class space    used 15385K, committed 16512K, reserved 1048576K
}
Event: 11.817 GC heap before
{Heap before GC invocations=40 (full 0):
 garbage-first heap   total 189440K, used 164565K [0x0000000080000000, 0x0000000100000000)
  region size 1024K, 50 young (51200K), 4 survivors (4096K)
 Metaspace       used 115673K, committed 117952K, reserved 1179648K
  class space    used 15864K, committed 17024K, reserved 1048576K
}
Event: 11.821 GC heap after
{Heap after GC invocations=41 (full 0):
 garbage-first heap   total 189440K, used 117361K [0x0000000080000000, 0x0000000100000000)
  region size 1024K, 5 young (5120K), 5 survivors (5120K)
 Metaspace       used 115673K, committed 117952K, reserved 1179648K
  class space    used 15864K, committed 17024K, reserved 1048576K
}

