# JRE version: OpenJDK Runtime Environment (21.0.6) (build 21.0.6+-13368085-b895.109)
# Java VM: OpenJDK 64-Bit Server VM (21.0.6+-13368085-b895.109, mixed mode, tiered, compressed oops, compressed class ptrs, g1 gc, windows-amd64)
GC Precious Log:
 CardTable entry size: 512
 Card Set container configuration: InlinePtr #cards 5 size 8 Array Of Cards #cards 12 size 40 Howl #buckets 4 coarsen threshold 1843 Howl Bitmap #cards 512 size 80 coarsen threshold 460 Card regions per heap region 1 cards per card region 2048
 CPUs: 6 total, 6 available
 Memory: 16301M
 Large Page Support: Disabled
 NUMA Support: Disabled
 Compressed Oops: Enabled (32-bit)
 Heap Region Size: 1M
 Heap Min Capacity: 8M
 Heap Initial Capacity: 256M
 Heap Max Capacity: 2G
 Pre-touch: Disabled
 Parallel Workers: 6
 Concurrent Workers: 2
 Concurrent Refinement Workers: 6
 Periodic GC: Disabled
Heap:
 garbage-first heap   total 199680K, used 123003K [0x0000000080000000, 0x0000000100000000)
  region size 1024K, 5 young (5120K), 4 survivors (4096K)
 Metaspace       used 139707K, committed 142080K, reserved 1179648K
  class space    used 19395K, committed 20608K, reserved 1048576K
GC Heap History (20 events):
Event: 22.399 GC heap before
{Heap before GC invocations=48 (full 0):
 garbage-first heap   total 158720K, used 142969K [0x0000000080000000, 0x0000000100000000)
  region size 1024K, 50 young (51200K), 3 survivors (3072K)
 Metaspace       used 103906K, committed 105984K, reserved 1179648K
  class space    used 14154K, committed 15168K, reserved 1048576K
}
Event: 22.404 GC heap after
{Heap after GC invocations=49 (full 0):
 garbage-first heap   total 158720K, used 95939K [0x0000000080000000, 0x0000000100000000)
  region size 1024K, 5 young (5120K), 5 survivors (5120K)
 Metaspace       used 103906K, committed 105984K, reserved 1179648K
  class space    used 14154K, committed 15168K, reserved 1048576K
}
Event: 23.325 GC heap before
{Heap before GC invocations=49 (full 0):
 garbage-first heap   total 158720K, used 143043K [0x0000000080000000, 0x0000000100000000)
  region size 1024K, 51 young (52224K), 5 survivors (5120K)
 Metaspace       used 107478K, committed 109568K, reserved 1179648K
  class space    used 14669K, committed 15680K, reserved 1048576K
}
Event: 23.330 GC heap after
{Heap after GC invocations=50 (full 0):
 garbage-first heap   total 158720K, used 98430K [0x0000000080000000, 0x0000000100000000)
  region size 1024K, 6 young (6144K), 6 survivors (6144K)
 Metaspace       used 107478K, committed 109568K, reserved 1179648K
  class space    used 14669K, committed 15680K, reserved 1048576K
}
Event: 24.084 GC heap before
{Heap before GC invocations=51 (full 0):
 garbage-first heap   total 165888K, used 142462K [0x0000000080000000, 0x0000000100000000)
  region size 1024K, 49 young (50176K), 6 survivors (6144K)
 Metaspace       used 111730K, committed 113792K, reserved 1179648K
  class space    used 15293K, committed 16320K, reserved 1048576K
}
Event: 24.090 GC heap after
{Heap after GC invocations=52 (full 0):
 garbage-first heap   total 165888K, used 100904K [0x0000000080000000, 0x0000000100000000)
  region size 1024K, 5 young (5120K), 5 survivors (5120K)
 Metaspace       used 111730K, committed 113792K, reserved 1179648K
  class space    used 15293K, committed 16320K, reserved 1048576K
}
Event: 24.797 GC heap before
{Heap before GC invocations=52 (full 0):
 garbage-first heap   total 165888K, used 151080K [0x0000000080000000, 0x0000000100000000)
  region size 1024K, 54 young (55296K), 5 survivors (5120K)
 Metaspace       used 114885K, committed 117056K, reserved 1179648K
  class space    used 15760K, committed 16832K, reserved 1048576K
}
Event: 24.805 GC heap after
{Heap after GC invocations=53 (full 0):
 garbage-first heap   total 165888K, used 103580K [0x0000000080000000, 0x0000000100000000)
  region size 1024K, 6 young (6144K), 6 survivors (6144K)
 Metaspace       used 114885K, committed 117056K, reserved 1179648K
  class space    used 15760K, committed 16832K, reserved 1048576K
}
Event: 26.066 GC heap before
{Heap before GC invocations=53 (full 0):
 garbage-first heap   total 165888K, used 148636K [0x0000000080000000, 0x0000000100000000)
  region size 1024K, 51 young (52224K), 6 survivors (6144K)
 Metaspace       used 116121K, committed 118272K, reserved 1179648K
  class space    used 15928K, committed 16960K, reserved 1048576K
}
Event: 26.074 GC heap after
{Heap after GC invocations=54 (full 0):
 garbage-first heap   total 165888K, used 109205K [0x0000000080000000, 0x0000000100000000)
  region size 1024K, 6 young (6144K), 6 survivors (6144K)
 Metaspace       used 116121K, committed 118272K, reserved 1179648K
  class space    used 15928K, committed 16960K, reserved 1048576K
}
Event: 27.007 GC heap before
{Heap before GC invocations=55 (full 0):
 garbage-first heap   total 184320K, used 148117K [0x0000000080000000, 0x0000000100000000)
  region size 1024K, 45 young (46080K), 6 survivors (6144K)
 Metaspace       used 116718K, committed 118912K, reserved 1179648K
  class space    used 16039K, committed 17152K, reserved 1048576K
}
Event: 27.021 GC heap after
{Heap after GC invocations=56 (full 0):
 garbage-first heap   total 184320K, used 112135K [0x0000000080000000, 0x0000000100000000)
  region size 1024K, 5 young (5120K), 5 survivors (5120K)
 Metaspace       used 116718K, committed 118912K, reserved 1179648K
  class space    used 16039K, committed 17152K, reserved 1048576K
}
Event: 28.215 GC heap before
{Heap before GC invocations=56 (full 0):
 garbage-first heap   total 184320K, used 167431K [0x0000000080000000, 0x0000000100000000)
  region size 1024K, 60 young (61440K), 5 survivors (5120K)
 Metaspace       used 117995K, committed 120256K, reserved 1179648K
  class space    used 16223K, committed 17344K, reserved 1048576K
}
Event: 28.220 GC heap after
{Heap after GC invocations=57 (full 0):
 garbage-first heap   total 184320K, used 114780K [0x0000000080000000, 0x0000000100000000)
  region size 1024K, 6 young (6144K), 6 survivors (6144K)
 Metaspace       used 117995K, committed 120256K, reserved 1179648K
  class space    used 16223K, committed 17344K, reserved 1048576K
}
Event: 28.894 GC heap before
{Heap before GC invocations=57 (full 0):
 garbage-first heap   total 184320K, used 167004K [0x0000000080000000, 0x0000000100000000)
  region size 1024K, 58 young (59392K), 6 survivors (6144K)
 Metaspace       used 120453K, committed 122688K, reserved 1179648K
  class space    used 16524K, committed 17664K, reserved 1048576K
}
Event: 28.899 GC heap after
{Heap after GC invocations=58 (full 0):
 garbage-first heap   total 184320K, used 118572K [0x0000000080000000, 0x0000000100000000)
  region size 1024K, 6 young (6144K), 6 survivors (6144K)
 Metaspace       used 120453K, committed 122688K, reserved 1179648K
  class space    used 16524K, committed 17664K, reserved 1048576K
}
Event: 40.804 GC heap before
{Heap before GC invocations=59 (full 0):
 garbage-first heap   total 199680K, used 169772K [0x0000000080000000, 0x0000000100000000)
  region size 1024K, 52 young (53248K), 6 survivors (6144K)
 Metaspace       used 123358K, committed 125632K, reserved 1179648K
  class space    used 16846K, committed 17984K, reserved 1048576K
}
Event: 40.811 GC heap after
{Heap after GC invocations=60 (full 0):
 garbage-first heap   total 199680K, used 120949K [0x0000000080000000, 0x0000000100000000)
  region size 1024K, 5 young (5120K), 5 survivors (5120K)
 Metaspace       used 123358K, committed 125632K, reserved 1179648K
  class space    used 16846K, committed 17984K, reserved 1048576K
}
Event: 42.129 GC heap before
{Heap before GC invocations=60 (full 0):
 garbage-first heap   total 199680K, used 181365K [0x0000000080000000, 0x0000000100000000)
  region size 1024K, 65 young (66560K), 5 survivors (5120K)
 Metaspace       used 131747K, committed 134080K, reserved 1179648K
  class space    used 18029K, committed 19200K, reserved 1048576K
}
Event: 42.135 GC heap after
{Heap after GC invocations=61 (full 0):
 garbage-first heap   total 199680K, used 122334K [0x0000000080000000, 0x0000000100000000)
  region size 1024K, 6 young (6144K), 6 survivors (6144K)
 Metaspace       used 131747K, committed 134080K, reserved 1179648K
  class space    used 18029K, committed 19200K, reserved 1048576K
}

